c:\users\yule2\documents\псв\sources\graphicsengine\build\tempd\graphicsengine\vc141.pdb
c:\users\yule2\documents\псв\sources\graphicsengine\build\tempd\graphicsengine\vc141.idb
c:\users\yule2\documents\псв\sources\graphicsengine\build\tempd\graphicsengine\dx9material.obj
c:\users\yule2\documents\псв\sources\graphicsengine\build\tempd\graphicsengine\dx9graphicsenginefabric.obj
c:\users\yule2\documents\псв\sources\graphicsengine\build\tempd\graphicsengine\dx9graphicsengine.obj
c:\users\yule2\documents\псв\sources\graphicsengine\build\tempd\graphicsengine\dx9graphicsdevice.obj
c:\users\yule2\documents\псв\sources\graphicsengine\build\tempd\graphicsengine\dx9fixedfunctionpipeline.obj
c:\users\yule2\documents\псв\sources\graphicsengine\build\tempd\graphicsengine\dx11vertexshader.obj
c:\users\yule2\documents\псв\sources\graphicsengine\build\tempd\graphicsengine\dx11texturesampler.obj
c:\users\yule2\documents\псв\sources\graphicsengine\build\tempd\graphicsengine\dx11texture2d.obj
c:\users\yule2\documents\псв\sources\graphicsengine\build\tempd\graphicsengine\dx11rendertexture.obj
c:\users\yule2\documents\псв\sources\graphicsengine\build\tempd\graphicsengine\dx11pixelshader.obj
c:\users\yule2\documents\псв\sources\graphicsengine\build\tempd\graphicsengine\dx11mesh.obj
c:\users\yule2\documents\псв\sources\graphicsengine\build\tempd\graphicsengine\dx11material.obj
c:\users\yule2\documents\псв\sources\graphicsengine\build\tempd\graphicsengine\dx11gui.obj
c:\users\yule2\documents\псв\sources\graphicsengine\build\tempd\graphicsengine\dx11graphicsenginefabric.obj
c:\users\yule2\documents\псв\sources\graphicsengine\build\tempd\graphicsengine\dx11graphicsengine.obj
c:\users\yule2\documents\псв\sources\graphicsengine\build\tempd\graphicsengine\dx11graphicsdevice.obj
c:\users\yule2\documents\псв\sources\graphicsengine\build\tempd\graphicsengine\dx11constantbuffer.obj
c:\users\yule2\documents\псв\sources\graphicsengine\build\tempd\graphicsengine\directory.obj
c:\users\yule2\documents\псв\sources\graphicsengine\build\tempd\graphicsengine\camera.obj
c:\users\yule2\documents\псв\sources\graphicsengine\build\tempd\graphicsengine\application.obj
c:\users\yule2\documents\псв\sources\graphicsengine\build\tempd\graphicsengine\graphicsenginefabric.obj
c:\users\yule2\documents\псв\sources\graphicsengine\build\tempd\graphicsengine\graphicsengine.obj
c:\users\yule2\documents\псв\sources\graphicsengine\build\tempd\graphicsengine\textureimpl.obj
c:\users\yule2\documents\псв\sources\graphicsengine\build\tempd\graphicsengine\gl20texturesampler.obj
c:\users\yule2\documents\псв\sources\graphicsengine\build\tempd\graphicsengine\gl20texture2d.obj
c:\users\yule2\documents\псв\sources\graphicsengine\build\tempd\graphicsengine\gl20rendertexture.obj
c:\users\yule2\documents\псв\sources\graphicsengine\build\tempd\graphicsengine\gl20mesh.obj
c:\users\yule2\documents\псв\sources\graphicsengine\build\tempd\graphicsengine\gl20material.obj
c:\users\yule2\documents\псв\sources\graphicsengine\build\tempd\graphicsengine\gl20input.obj
c:\users\yule2\documents\псв\sources\graphicsengine\build\tempd\graphicsengine\gl20gui.obj
c:\users\yule2\documents\псв\sources\graphicsengine\build\tempd\graphicsengine\gl20graphicsenginefabric.obj
c:\users\yule2\documents\псв\sources\graphicsengine\build\tempd\graphicsengine\gl20graphicsengine.obj
c:\users\yule2\documents\псв\sources\graphicsengine\build\tempd\graphicsengine\gl20graphicsdevice.obj
c:\users\yule2\documents\псв\sources\graphicsengine\build\tempd\graphicsengine\dx9gui.obj
c:\users\yule2\documents\псв\sources\graphicsengine\build\tempd\graphicsengine\dx9vertexshader.obj
c:\users\yule2\documents\псв\sources\graphicsengine\build\tempd\graphicsengine\dx9texturesampler.obj
c:\users\yule2\documents\псв\sources\graphicsengine\build\tempd\graphicsengine\dx9texture2d.obj
c:\users\yule2\documents\псв\sources\graphicsengine\build\tempd\graphicsengine\dx9rendertexture.obj
c:\users\yule2\documents\псв\sources\graphicsengine\build\tempd\graphicsengine\dx9pixelshader.obj
c:\users\yule2\documents\псв\sources\graphicsengine\build\tempd\graphicsengine\dx9mesh.obj
c:\users\yule2\documents\псв\sources\graphicsengine\build\tempd\graphicsengine\meshsphere.obj
c:\users\yule2\documents\псв\sources\graphicsengine\build\tempd\graphicsengine\meshquad.obj
c:\users\yule2\documents\псв\sources\graphicsengine\build\tempd\graphicsengine\meshplane.obj
c:\users\yule2\documents\псв\sources\graphicsengine\build\tempd\graphicsengine\meshobjfile.obj
c:\users\yule2\documents\псв\sources\graphicsengine\build\tempd\graphicsengine\meshcylinder.obj
c:\users\yule2\documents\псв\sources\graphicsengine\build\tempd\graphicsengine\meshcube.obj
c:\users\yule2\documents\псв\sources\graphicsengine\build\tempd\graphicsengine\mesh.obj
c:\users\yule2\documents\псв\sources\graphicsengine\build\tempd\graphicsengine\materialunlitsimple.obj
c:\users\yule2\documents\псв\sources\graphicsengine\build\tempd\graphicsengine\materialunlitsimple cilinder.obj
c:\users\yule2\documents\псв\sources\graphicsengine\build\tempd\graphicsengine\materialunlit.obj
c:\users\yule2\documents\псв\sources\graphicsengine\build\tempd\graphicsengine\materialdiffuse.obj
c:\users\yule2\documents\псв\sources\graphicsengine\build\tempd\graphicsengine\materialsand.obj
c:\users\yule2\documents\псв\sources\graphicsengine\build\tempd\graphicsengine\material.obj
c:\users\yule2\documents\псв\sources\graphicsengine\build\tempd\graphicsengine\objectstorage.obj
c:\users\yule2\documents\псв\sources\graphicsengine\build\tempd\graphicsengine\internalinput.obj
c:\users\yule2\documents\псв\sources\graphicsengine\build\tempd\graphicsengine\internalgui.obj
c:\users\yule2\documents\псв\sources\graphicsengine\build\tempd\graphicsengine\internalapplication.obj
c:\users\yule2\documents\псв\sources\graphicsengine\build\tempd\graphicsengine\graphicsdevice.obj
c:\users\yule2\documents\псв\sources\graphicsengine\build\tempd\graphicsengine\input.obj
c:\users\yule2\documents\псв\sources\graphicsengine\build\tempd\graphicsengine\gui.obj
c:\users\yule2\documents\псв\sources\graphicsengine\build\tempd\graphicsengine\main.obj
c:\users\yule2\documents\псв\sources\graphicsengine\build\tempd\graphicsengine\vector3.obj
c:\users\yule2\documents\псв\sources\graphicsengine\build\tempd\graphicsengine\transform.obj
c:\users\yule2\documents\псв\sources\graphicsengine\build\tempd\graphicsengine\time.obj
c:\users\yule2\documents\псв\sources\graphicsengine\build\tempd\graphicsengine\texture2d.obj
c:\users\yule2\documents\псв\sources\graphicsengine\build\tempd\graphicsengine\screen.obj
c:\users\yule2\documents\псв\sources\graphicsengine\build\tempd\graphicsengine\scene.obj
c:\users\yule2\documents\псв\sources\graphicsengine\build\tempd\graphicsengine\rendertexture.obj
c:\users\yule2\documents\псв\sources\graphicsengine\build\tempd\graphicsengine\winwindow.obj
c:\users\yule2\documents\псв\sources\graphicsengine\build\tempd\graphicsengine\wininput.obj
c:\users\yule2\documents\псв\sources\graphicsengine\build\tempd\graphicsengine\object.obj
c:\users\yule2\documents\псв\sources\graphicsengine\build\tempd\graphicsengine\meshtriangle.obj
c:\users\yule2\documents\псв\sources\graphicsengine\build\tempd\graphicsengine\materialunlitroad.obj
c:\users\yule2\documents\псв\sources\graphicsengine\build\tempd\graphicsengine\materialunlitearth.obj
c:\users\yule2\documents\псв\sources\graphicsengine\build\debug\graphicsengine\graphicsengine.exe
c:\users\yule2\documents\псв\sources\graphicsengine\build\debug\graphicsengine\graphicsengine.pdb
c:\users\yule2\documents\псв\sources\graphicsengine\vs2010\..\build\debug\graphicsengine\graphicsengine.pdb
c:\users\yule2\documents\псв\sources\graphicsengine\vs2010\..\build\debug\graphicsengine\graphicsengine.exe
c:\users\yule2\documents\псв\sources\graphicsengine\build\tempd\graphicsengine\graphicsengine.tlog\cl.command.1.tlog
c:\users\yule2\documents\псв\sources\graphicsengine\build\tempd\graphicsengine\graphicsengine.tlog\cl.read.1.tlog
c:\users\yule2\documents\псв\sources\graphicsengine\build\tempd\graphicsengine\graphicsengine.tlog\cl.write.1.tlog
c:\users\yule2\documents\псв\sources\graphicsengine\build\tempd\graphicsengine\graphicsengine.tlog\link.command.1.tlog
c:\users\yule2\documents\псв\sources\graphicsengine\build\tempd\graphicsengine\graphicsengine.tlog\link.read.1.tlog
c:\users\yule2\documents\псв\sources\graphicsengine\build\tempd\graphicsengine\graphicsengine.tlog\link.write.1.tlog
