  Не удается найти указанный файл.
  Не удается найти указанный файл.
  DX9Material.cpp
  DX9Mesh.cpp
  GraphicsEngineFabric.cpp
C:\Users\yule2\Documents\Псв\Sources\GraphicsEngine\Sources\GraphicsEngine\Math.h(75,14): warning C4244: return: преобразование "double" в "float", возможна потеря данных
  GUI.cpp
  Material.cpp
C:\Users\yule2\Documents\Псв\Sources\GraphicsEngine\Sources\GraphicsEngine\Math.h(75,14): warning C4244: return: преобразование "double" в "float", возможна потеря данных
  MeshPlane.cpp
C:\Users\yule2\Documents\Псв\Sources\GraphicsEngine\Sources\GraphicsEngine\Math.h(75,14): warning C4244: return: преобразование "double" в "float", возможна потеря данных
  WinInput.cpp
C:\Users\yule2\Documents\Псв\Sources\GraphicsEngine\Sources\GraphicsEngine\Math.h(75,14): warning C4244: return: преобразование "double" в "float", возможна потеря данных
  main.cpp
C:\Users\yule2\Documents\Псв\Sources\GraphicsEngine\Sources\GraphicsEngine\Math.h(75,14): warning C4244: return: преобразование "double" в "float", возможна потеря данных
C:\Users\yule2\Documents\Псв\Sources\GraphicsEngine\Sources\Tasks\Task04.h(53,1): warning C4305: аргумент: усечение из "double" в "float"
C:\Users\yule2\Documents\Псв\Sources\GraphicsEngine\Sources\Tasks\Task04.h(66,1): warning C4305: аргумент: усечение из "double" в "float"
C:\Users\yule2\Documents\Псв\Sources\GraphicsEngine\Sources\Tasks\Task04.h(79,1): warning C4305: аргумент: усечение из "double" в "float"
C:\Users\yule2\Documents\Псв\Sources\GraphicsEngine\Sources\main.cpp(46,4): warning C4996: '_sleep': This function or variable has been superceded by newer library or operating system functionality. Consider using Sleep instead. See online help for details.
  Создание кода...
Application.obj : warning LNK4075: не учитывается "/EDITANDCONTINUE" из-за спецификации "/INCREMENTAL:NO"
  vs2010.vcxproj -> C:\Users\yule2\Documents\Псв\Sources\GraphicsEngine\vs2010\..\BUILD\Debug\GraphicsEngine\GraphicsEngine.exe
  ..\SDKs\OpenGL\dll\freeglut.dll
  ..\SDKs\OpenGL\dll\FreeImage.dll
  ..\SDKs\OpenGL\dll\glew32.dll
  Скопировано файлов: 3.
  ..\Sources\GraphicsEngine\Shaders\DX11\ShaderDiffuse.fx
  ..\Sources\GraphicsEngine\Shaders\DX11\ShaderSand.fx
  ..\Sources\GraphicsEngine\Shaders\DX11\ShaderUnlit.fx
  ..\Sources\GraphicsEngine\Shaders\DX11\ShaderUnlitSimple.fx
  ..\Sources\GraphicsEngine\Shaders\DX9\ShaderDiffuse.ps
  ..\Sources\GraphicsEngine\Shaders\DX9\ShaderDiffuse.vs
  ..\Sources\GraphicsEngine\Shaders\DX9\ShaderSand.ps
  ..\Sources\GraphicsEngine\Shaders\DX9\ShaderSand.vs
  ..\Sources\GraphicsEngine\Shaders\DX9\ShaderUnlit.ps
  ..\Sources\GraphicsEngine\Shaders\DX9\ShaderUnlit.vs
  ..\Sources\GraphicsEngine\Shaders\DX9\ShaderUnlitSimple.ps
  ..\Sources\GraphicsEngine\Shaders\DX9\ShaderUnlitSimple.vs
  ..\Sources\GraphicsEngine\Shaders\GL20\ShaderDiffuse.fs
  ..\Sources\GraphicsEngine\Shaders\GL20\ShaderDiffuse.vs
  ..\Sources\GraphicsEngine\Shaders\GL20\ShaderDiffuseEarth.fs
  ..\Sources\GraphicsEngine\Shaders\GL20\ShaderDiffuseEarth.vs
  ..\Sources\GraphicsEngine\Shaders\GL20\ShaderDiffuseSphere.fs
  ..\Sources\GraphicsEngine\Shaders\GL20\ShaderDiffuseSphere.vs
  ..\Sources\GraphicsEngine\Shaders\GL20\ShaderSand.fs
  ..\Sources\GraphicsEngine\Shaders\GL20\ShaderSand.vs
  ..\Sources\GraphicsEngine\Shaders\GL20\ShaderUnlit Road.fs
  ..\Sources\GraphicsEngine\Shaders\GL20\ShaderUnlit Road.vs
  ..\Sources\GraphicsEngine\Shaders\GL20\ShaderUnlit.fs
  ..\Sources\GraphicsEngine\Shaders\GL20\ShaderUnlit.vs
  ..\Sources\GraphicsEngine\Shaders\GL20\ShaderUnlitCilinder.fs
  ..\Sources\GraphicsEngine\Shaders\GL20\ShaderUnlitCilinder.vs
  ..\Sources\GraphicsEngine\Shaders\GL20\ShaderUnlitCube.fs
  ..\Sources\GraphicsEngine\Shaders\GL20\ShaderUnlitCube.vs
  ..\Sources\GraphicsEngine\Shaders\GL20\ShaderUnlitEarth.fs
  ..\Sources\GraphicsEngine\Shaders\GL20\ShaderUnlitEarth.vs
  ..\Sources\GraphicsEngine\Shaders\GL20\ShaderUnlitSimple.fs
  ..\Sources\GraphicsEngine\Shaders\GL20\ShaderUnlitSimple.vs
  Скопировано файлов: 32.
  ..\Data\ChessBoard.png
  ..\Data\Earth_Albedo.jpg
  ..\Data\Earth_NormalMap.jpg
  ..\Data\MeshCube.mtl
  ..\Data\MeshCube.obj
  ..\Data\MeshHouse.mtl
  ..\Data\MeshHouse.obj
  ..\Data\MeshSphere.mtl
  ..\Data\MeshSphere.obj
  ..\Data\road_1.jpg
  ..\Data\road_2.jpg
  ..\Data\road_3.jpg
  ..\Data\sand.jpg
  Скопировано файлов: 13.
